<?xml version="1.0" encoding="UTF-8"?>
<!-- Generated by org.testng.reporters.JUnitXMLReporter -->
<testsuite ignored="0" hostname="DESKTOP-455KKI0" failures="1" tests="3" name="error validation test" time="25.387" errors="0" timestamp="2024-07-22T14:28:09 EEST">
  <testcase classname="RahulShettyAcademy.Tests.errorValidation" name="WrongProduct" time="4.035"/>
  <testcase classname="RahulShettyAcademy.Tests.errorValidation" name="errorMessagetest" time="1.567">
    <skipped/>
  </testcase> <!-- errorMessagetest -->
  <testcase classname="RahulShettyAcademy.Tests.errorValidation" name="errorMessagetest" time="0.684">
    <failure type="java.lang.AssertionError" message="expected [Incorrect email  password.] but found [Incorrect email or password.]">
      <![CDATA[java.lang.AssertionError: expected [Incorrect email  password.] but found [Incorrect email or password.]
at RahulShettyAcademy.Tests.errorValidation.errorMessagetest(errorValidation.java:28)
at java.base/java.util.ArrayList.forEach(ArrayList.java:1511)
... Removed 33 stack frames]]>
    </failure>
  </testcase> <!-- errorMessagetest -->
</testsuite> <!-- error validation test -->
