<?xml version="1.0" encoding="UTF-8"?>
<!-- Generated by org.testng.reporters.JUnitXMLReporter -->
<testsuite ignored="0" hostname="DESKTOP-455KKI0" failures="0" tests="2" name="error validation test" time="5.63" errors="0" timestamp="2024-07-22T21:55:21 EEST">
  <testcase classname="RahulShettyAcademy.Tests.errorValidation" name="WrongProduct" time="0.001">
    <skipped/>
  </testcase> <!-- WrongProduct -->
  <testcase classname="RahulShettyAcademy.Tests.errorValidation" name="errorMessagetest" time="0.0">
    <skipped/>
  </testcase> <!-- errorMessagetest -->
</testsuite> <!-- error validation test -->
