<?xml version="1.0" encoding="UTF-8"?>
<!-- Generated by org.testng.reporters.JUnitXMLReporter -->
<testsuite ignored="2" hostname="DESKTOP-455KKI0" failures="0" tests="0" time="0.013" errors="0" timestamp="2024-05-24T16:35:18 EET">
  <testcase classname="RahulShettyAcademy.Tests.errorValidation" name="WrongProduct" time="0.0">
    <ignored/>
  </testcase> <!-- WrongProduct -->
  <testcase classname="RahulShettyAcademy.Tests.errorValidation" name="errorMessagetest" time="0.0">
    <ignored/>
  </testcase> <!-- errorMessagetest -->
</testsuite>
