<?xml version="1.0" encoding="UTF-8"?>
<!-- Generated by org.testng.reporters.JUnitXMLReporter -->
<testsuite ignored="1" hostname="DESKTOP-455KKI0" failures="1" tests="2" name="error validation test" time="26.878" errors="0" timestamp="2024-07-16T07:16:28 EEST">
  <testcase classname="RahulShettyAcademy.Tests.errorValidation" name="errorMessagetest" time="5.316">
    <skipped/>
  </testcase> <!-- errorMessagetest -->
  <testcase classname="RahulShettyAcademy.Tests.errorValidation" name="errorMessagetest" time="1.953">
    <failure type="java.lang.AssertionError" message="expected [Incorrect email  password.] but found [Incorrect email or password.]">
      <![CDATA[java.lang.AssertionError: expected [Incorrect email  password.] but found [Incorrect email or password.]
at RahulShettyAcademy.Tests.errorValidation.errorMessagetest(errorValidation.java:28)
at java.base/java.util.ArrayList.forEach(ArrayList.java:1511)
at java.base/java.util.concurrent.FutureTask.run(FutureTask.java:264)
at java.base/java.util.concurrent.ThreadPoolExecutor.runWorker(ThreadPoolExecutor.java:1136)
at java.base/java.util.concurrent.ThreadPoolExecutor$Worker.run(ThreadPoolExecutor.java:635)
at java.base/java.lang.Thread.run(Thread.java:840)
... Removed 23 stack frames]]>
    </failure>
  </testcase> <!-- errorMessagetest -->
  <testcase classname="RahulShettyAcademy.Tests.errorValidation" name="WrongProduct" time="0.0">
    <ignored/>
  </testcase> <!-- WrongProduct -->
</testsuite> <!-- error validation test -->
