<?xml version="1.0" encoding="UTF-8"?>
<!-- Generated by org.testng.reporters.JUnitXMLReporter -->
<testsuite ignored="1" hostname="DESKTOP-455KKI0" failures="0" tests="2" name="Sumit Order" time="25.045" errors="0" timestamp="2024-05-24T16:35:43 EET">
  <testcase classname="RahulShettyAcademy.Tests.StandAloneTest" name="FirstTest" time="5.347"/>
  <testcase classname="RahulShettyAcademy.Tests.StandAloneTest" name="FirstTest" time="5.394"/>
  <testcase classname="RahulShettyAcademy.Tests.StandAloneTest" name="orderHistoryTest" time="0.0">
    <ignored/>
  </testcase> <!-- orderHistoryTest -->
</testsuite> <!-- Sumit Order -->
