<?xml version="1.0" encoding="UTF-8"?>
<!-- Generated by org.testng.reporters.JUnitXMLReporter -->
<testsuite ignored="1" hostname="DESKTOP-455KKI0" failures="0" tests="2" name="Sumit Order" time="28.258" errors="0" timestamp="2024-07-16T07:24:42 EEST">
  <testcase classname="RahulShettyAcademy.Tests.StandAloneTest" name="FirstTest" time="6.335"/>
  <testcase classname="RahulShettyAcademy.Tests.StandAloneTest" name="FirstTest" time="4.519"/>
  <testcase classname="RahulShettyAcademy.Tests.StandAloneTest" name="orderHistoryTest" time="0.0">
    <ignored/>
  </testcase> <!-- orderHistoryTest -->
</testsuite> <!-- Sumit Order -->
