<?xml version="1.0" encoding="UTF-8"?>
<!-- Generated by org.testng.reporters.JUnitXMLReporter -->
<testsuite ignored="0" hostname="DESKTOP-455KKI0" failures="0" tests="3" name="Sumit Order" time="10.435" errors="0" timestamp="2024-07-22T21:55:15 EEST">
  <testcase classname="RahulShettyAcademy.TestCopmponets.BaseTest" name="@BeforeMethod launchApplication" time="4.243">
    <failure type="org.openqa.selenium.NoSuchWindowException" message="no such window: target window already closed
from unknown error: web view not found
  (Session info: chrome=126.0.6478.128)
Build info: version: &amp;apos;4.18.1&amp;apos;, revision: &amp;apos;b1d3319b48&amp;apos;
System info: os.name: &amp;apos;Windows 10&amp;apos;, os.arch: &amp;apos;amd64&amp;apos;, os.version: &amp;apos;10.0&amp;apos;, java.version: &amp;apos;17.0.11&amp;apos;
Driver info: org.openqa.selenium.chrome.ChromeDriver
Command: [1e7a81c963fb37c52b34504a10b3c012, get {url=https://rahulshettyacademy.com/client/}]
Capabilities {acceptInsecureCerts: false, browserName: chrome, browserVersion: 126.0.6478.128, chrome: {chromedriverVersion: 126.0.6478.182 (5b5d8292ddf..., userDataDir: C:\Users\HP\AppData\Local\T...}, fedcm:accounts: true, goog:chromeOptions: {debuggerAddress: localhost:51981}, networkConnectionEnabled: false, pageLoadStrategy: normal, platformName: windows, proxy: Proxy(), se:cdp: ws://localhost:51981/devtoo..., se:cdpVersion: 126.0.6478.128, setWindowRect: true, strictFileInteractability: false, timeouts: {implicit: 0, pageLoad: 300000, script: 30000}, unhandledPromptBehavior: dismiss and notify, webauthn:extension:credBlob: true, webauthn:extension:largeBlob: true, webauthn:extension:minPinLength: true, webauthn:extension:prf: true, webauthn:virtualAuthenticators: true}
Session ID: 1e7a81c963fb37c52b34504a10b3c012">
      <![CDATA[org.openqa.selenium.NoSuchWindowException: no such window: target window already closed
from unknown error: web view not found
  (Session info: chrome=126.0.6478.128)
Build info: version: '4.18.1', revision: 'b1d3319b48'
System info: os.name: 'Windows 10', os.arch: 'amd64', os.version: '10.0', java.version: '17.0.11'
Driver info: org.openqa.selenium.chrome.ChromeDriver
Command: [1e7a81c963fb37c52b34504a10b3c012, get {url=https://rahulshettyacademy.com/client/}]
Capabilities {acceptInsecureCerts: false, browserName: chrome, browserVersion: 126.0.6478.128, chrome: {chromedriverVersion: 126.0.6478.182 (5b5d8292ddf..., userDataDir: C:\Users\HP\AppData\Local\T...}, fedcm:accounts: true, goog:chromeOptions: {debuggerAddress: localhost:51981}, networkConnectionEnabled: false, pageLoadStrategy: normal, platformName: windows, proxy: Proxy(), se:cdp: ws://localhost:51981/devtoo..., se:cdpVersion: 126.0.6478.128, setWindowRect: true, strictFileInteractability: false, timeouts: {implicit: 0, pageLoad: 300000, script: 30000}, unhandledPromptBehavior: dismiss and notify, webauthn:extension:credBlob: true, webauthn:extension:largeBlob: true, webauthn:extension:minPinLength: true, webauthn:extension:prf: true, webauthn:virtualAuthenticators: true}
Session ID: 1e7a81c963fb37c52b34504a10b3c012
at org.openqa.selenium.remote.ErrorCodec.decode(ErrorCodec.java:167)
at org.openqa.selenium.remote.codec.w3c.W3CHttpResponseCodec.decode(W3CHttpResponseCodec.java:138)
at org.openqa.selenium.remote.codec.w3c.W3CHttpResponseCodec.decode(W3CHttpResponseCodec.java:50)
at org.openqa.selenium.remote.HttpCommandExecutor.execute(HttpCommandExecutor.java:190)
at org.openqa.selenium.remote.service.DriverCommandExecutor.invokeExecute(DriverCommandExecutor.java:216)
at org.openqa.selenium.remote.service.DriverCommandExecutor.execute(DriverCommandExecutor.java:174)
at org.openqa.selenium.remote.RemoteWebDriver.execute(RemoteWebDriver.java:519)
at org.openqa.selenium.remote.RemoteWebDriver.get(RemoteWebDriver.java:301)
at RahulShettyAcademy.Tests.landingPage.goTo(landingPage.java:52)
at RahulShettyAcademy.TestCopmponets.BaseTest.launchApplication(BaseTest.java:97)
at java.base/java.util.ArrayList.forEach(ArrayList.java:1511)
... Removed 36 stack frames]]>
    </failure>
  </testcase> <!-- @BeforeMethod launchApplication -->
  <testcase classname="RahulShettyAcademy.TestCopmponets.BaseTest" name="@BeforeMethod launchApplication" time="5.416">
    <failure type="org.openqa.selenium.NoSuchWindowException" message="no such window: target window already closed
from unknown error: web view not found
  (Session info: chrome=126.0.6478.128)
Build info: version: &amp;apos;4.18.1&amp;apos;, revision: &amp;apos;b1d3319b48&amp;apos;
System info: os.name: &amp;apos;Windows 10&amp;apos;, os.arch: &amp;apos;amd64&amp;apos;, os.version: &amp;apos;10.0&amp;apos;, java.version: &amp;apos;17.0.11&amp;apos;
Driver info: org.openqa.selenium.chrome.ChromeDriver
Command: [426c6c16062489b7c8f315e400239416, get {url=https://rahulshettyacademy.com/client/}]
Capabilities {acceptInsecureCerts: false, browserName: chrome, browserVersion: 126.0.6478.128, chrome: {chromedriverVersion: 126.0.6478.182 (5b5d8292ddf..., userDataDir: C:\Users\HP\AppData\Local\T...}, fedcm:accounts: true, goog:chromeOptions: {debuggerAddress: localhost:52005}, networkConnectionEnabled: false, pageLoadStrategy: normal, platformName: windows, proxy: Proxy(), se:cdp: ws://localhost:52005/devtoo..., se:cdpVersion: 126.0.6478.128, setWindowRect: true, strictFileInteractability: false, timeouts: {implicit: 0, pageLoad: 300000, script: 30000}, unhandledPromptBehavior: dismiss and notify, webauthn:extension:credBlob: true, webauthn:extension:largeBlob: true, webauthn:extension:minPinLength: true, webauthn:extension:prf: true, webauthn:virtualAuthenticators: true}
Session ID: 426c6c16062489b7c8f315e400239416">
      <![CDATA[org.openqa.selenium.NoSuchWindowException: no such window: target window already closed
from unknown error: web view not found
  (Session info: chrome=126.0.6478.128)
Build info: version: '4.18.1', revision: 'b1d3319b48'
System info: os.name: 'Windows 10', os.arch: 'amd64', os.version: '10.0', java.version: '17.0.11'
Driver info: org.openqa.selenium.chrome.ChromeDriver
Command: [426c6c16062489b7c8f315e400239416, get {url=https://rahulshettyacademy.com/client/}]
Capabilities {acceptInsecureCerts: false, browserName: chrome, browserVersion: 126.0.6478.128, chrome: {chromedriverVersion: 126.0.6478.182 (5b5d8292ddf..., userDataDir: C:\Users\HP\AppData\Local\T...}, fedcm:accounts: true, goog:chromeOptions: {debuggerAddress: localhost:52005}, networkConnectionEnabled: false, pageLoadStrategy: normal, platformName: windows, proxy: Proxy(), se:cdp: ws://localhost:52005/devtoo..., se:cdpVersion: 126.0.6478.128, setWindowRect: true, strictFileInteractability: false, timeouts: {implicit: 0, pageLoad: 300000, script: 30000}, unhandledPromptBehavior: dismiss and notify, webauthn:extension:credBlob: true, webauthn:extension:largeBlob: true, webauthn:extension:minPinLength: true, webauthn:extension:prf: true, webauthn:virtualAuthenticators: true}
Session ID: 426c6c16062489b7c8f315e400239416
at org.openqa.selenium.remote.ErrorCodec.decode(ErrorCodec.java:167)
at org.openqa.selenium.remote.codec.w3c.W3CHttpResponseCodec.decode(W3CHttpResponseCodec.java:138)
at org.openqa.selenium.remote.codec.w3c.W3CHttpResponseCodec.decode(W3CHttpResponseCodec.java:50)
at org.openqa.selenium.remote.HttpCommandExecutor.execute(HttpCommandExecutor.java:190)
at org.openqa.selenium.remote.service.DriverCommandExecutor.invokeExecute(DriverCommandExecutor.java:216)
at org.openqa.selenium.remote.service.DriverCommandExecutor.execute(DriverCommandExecutor.java:174)
at org.openqa.selenium.remote.RemoteWebDriver.execute(RemoteWebDriver.java:519)
at org.openqa.selenium.remote.RemoteWebDriver.get(RemoteWebDriver.java:301)
at RahulShettyAcademy.Tests.landingPage.goTo(landingPage.java:52)
at RahulShettyAcademy.TestCopmponets.BaseTest.launchApplication(BaseTest.java:97)
at java.base/java.util.ArrayList.forEach(ArrayList.java:1511)
... Removed 36 stack frames]]>
    </failure>
  </testcase> <!-- @BeforeMethod launchApplication -->
  <testcase classname="RahulShettyAcademy.TestCopmponets.BaseTest" name="@AfterMethod tearDown" time="0.01">
    <failure type="org.openqa.selenium.WebDriverException" message="java.io.IOException: Output closed
Build info: version: &amp;apos;4.18.1&amp;apos;, revision: &amp;apos;b1d3319b48&amp;apos;
System info: os.name: &amp;apos;Windows 10&amp;apos;, os.arch: &amp;apos;amd64&amp;apos;, os.version: &amp;apos;10.0&amp;apos;, java.version: &amp;apos;17.0.11&amp;apos;
Driver info: driver.version: ChromiumDriver">
      <![CDATA[org.openqa.selenium.WebDriverException: java.io.IOException: Output closed
Build info: version: '4.18.1', revision: 'b1d3319b48'
System info: os.name: 'Windows 10', os.arch: 'amd64', os.version: '10.0', java.version: '17.0.11'
Driver info: driver.version: ChromiumDriver
at org.openqa.selenium.remote.http.jdk.JdkHttpClient$5.send(JdkHttpClient.java:305)
at org.openqa.selenium.remote.http.jdk.JdkHttpClient$5.close(JdkHttpClient.java:324)
at org.openqa.selenium.devtools.Connection.close(Connection.java:224)
at org.openqa.selenium.devtools.DevTools.close(DevTools.java:60)
at java.base/java.util.Optional.ifPresent(Optional.java:178)
at org.openqa.selenium.remote.RemoteWebDriver.quit(RemoteWebDriver.java:427)
at org.openqa.selenium.chromium.ChromiumDriver.quit(ChromiumDriver.java:432)
at RahulShettyAcademy.TestCopmponets.BaseTest.tearDown(BaseTest.java:105)
at java.base/java.util.ArrayList.forEach(ArrayList.java:1511)
Caused by: java.io.IOException: Output closed
at java.net.http/jdk.internal.net.http.websocket.WebSocketImpl.sendClose(WebSocketImpl.java:313)
at org.openqa.selenium.remote.http.jdk.JdkHttpClient$5.lambda$send$2(JdkHttpClient.java:284)
at org.openqa.selenium.remote.http.jdk.JdkHttpClient$5.send(JdkHttpClient.java:295)
... 40 more
... Removed 32 stack frames]]>
    </failure>
  </testcase> <!-- @AfterMethod tearDown -->
  <testcase classname="RahulShettyAcademy.Tests.StandAloneTest" name="FirstTest" time="0.0">
    <skipped/>
  </testcase> <!-- FirstTest -->
  <testcase classname="RahulShettyAcademy.Tests.StandAloneTest" name="FirstTest" time="0.0">
    <skipped/>
  </testcase> <!-- FirstTest -->
  <testcase classname="RahulShettyAcademy.Tests.StandAloneTest" name="orderHistoryTest" time="0.0">
    <skipped/>
  </testcase> <!-- orderHistoryTest -->
</testsuite> <!-- Sumit Order -->
