<?xml version="1.0" encoding="UTF-8"?>
<!-- Generated by org.testng.reporters.JUnitXMLReporter -->
<testsuite ignored="0" hostname="DESKTOP-455KKI0" failures="0" tests="4" name="Sumit Order" time="39.408" errors="0" timestamp="2024-07-22T14:27:43 EEST">
  <testcase classname="RahulShettyAcademy.Tests.StandAloneTest" name="FirstTest" time="6.252"/>
  <testcase classname="RahulShettyAcademy.Tests.StandAloneTest" name="FirstTest" time="5.318"/>
  <testcase classname="RahulShettyAcademy.Tests.StandAloneTest" name="orderHistoryTest" time="1.133"/>
  <testcase classname="RahulShettyAcademy.Tests.StandAloneTest" name="orderHistoryTest" time="1.043"/>
</testsuite> <!-- Sumit Order -->
