<?xml version="1.0" encoding="UTF-8"?>
<!-- Generated by org.testng.reporters.JUnitXMLReporter -->
<testsuite ignored="1" hostname="DESKTOP-455KKI0" failures="0" tests="2" name="Sumit Order" time="21.43" errors="0" timestamp="29 May 2024 19:11:43 GMT">
  <testcase classname="RahulShettyAcademy.Tests.StandAloneTest" name="FirstTest" time="4.482"/>
  <testcase classname="RahulShettyAcademy.Tests.StandAloneTest" name="FirstTest" time="4.51"/>
  <testcase classname="RahulShettyAcademy.Tests.StandAloneTest" name="orderHistoryTest" time="0.0">
    <ignored/>
  </testcase> <!-- orderHistoryTest -->
</testsuite> <!-- Sumit Order -->
