<?xml version="1.0" encoding="UTF-8"?>
<testng-results ignored="0" total="2" passed="2" failed="0" skipped="0">
  <reporter-output>
  </reporter-output>
  <suite started-at="2024-07-16T07:24:14 EEST" name="Suite" finished-at="2024-07-16T07:24:42 EEST" duration-ms="28258">
    <groups>
      <group name="purchase">
        <method signature="StandAloneTest.FirstTest(java.util.HashMap)[pri:0, instance:RahulShettyAcademy.Tests.StandAloneTest@1033576a]" name="FirstTest" class="RahulShettyAcademy.Tests.StandAloneTest"/>
      </group> <!-- purchase -->
    </groups>
    <test started-at="2024-07-16T07:24:14 EEST" name="error validation test" finished-at="2024-07-16T07:24:14 EEST" duration-ms="16">
    </test> <!-- error validation test -->
    <test started-at="2024-07-16T07:24:14 EEST" name="Sumit Order" finished-at="2024-07-16T07:24:42 EEST" duration-ms="28258">
      <class name="RahulShettyAcademy.Tests.StandAloneTest">
        <test-method is-config="true" signature="launchApplication()[pri:0, instance:RahulShettyAcademy.Tests.StandAloneTest@1033576a]" started-at="2024-07-16T07:24:14 EEST" name="launchApplication" finished-at="2024-07-16T07:24:25 EEST" duration-ms="10533" status="PASS">
          <reporter-output>
          </reporter-output>
        </test-method> <!-- launchApplication -->
        <test-method signature="FirstTest(java.util.HashMap)[pri:0, instance:RahulShettyAcademy.Tests.StandAloneTest@1033576a]" started-at="2024-07-16T07:24:25 EEST" name="FirstTest" data-provider="getData" finished-at="2024-07-16T07:24:31 EEST" duration-ms="6335" status="PASS">
          <params>
            <param index="0">
              <value>
                <![CDATA[{productname=ADIDAS ORIGINAL, password=Liverpool@239, email=marwan23@gmail.com}]]>
              </value>
            </param>
          </params>
          <reporter-output>
          </reporter-output>
        </test-method> <!-- FirstTest -->
        <test-method is-config="true" signature="tearDown()[pri:0, instance:RahulShettyAcademy.Tests.StandAloneTest@1033576a]" started-at="2024-07-16T07:24:31 EEST" name="tearDown" finished-at="2024-07-16T07:24:32 EEST" duration-ms="363" status="PASS">
          <reporter-output>
          </reporter-output>
        </test-method> <!-- tearDown -->
        <test-method is-config="true" signature="launchApplication()[pri:0, instance:RahulShettyAcademy.Tests.StandAloneTest@1033576a]" started-at="2024-07-16T07:24:32 EEST" name="launchApplication" finished-at="2024-07-16T07:24:38 EEST" duration-ms="5967" status="PASS">
          <reporter-output>
          </reporter-output>
        </test-method> <!-- launchApplication -->
        <test-method signature="FirstTest(java.util.HashMap)[pri:0, instance:RahulShettyAcademy.Tests.StandAloneTest@1033576a]" started-at="2024-07-16T07:24:38 EEST" name="FirstTest" data-provider="getData" finished-at="2024-07-16T07:24:42 EEST" duration-ms="4519" status="PASS">
          <params>
            <param index="0">
              <value>
                <![CDATA[{productname=IPHONE 13 PRO, password=Marwan@239, email=marwan9@gmail.com}]]>
              </value>
            </param>
          </params>
          <reporter-output>
          </reporter-output>
        </test-method> <!-- FirstTest -->
        <test-method is-config="true" signature="tearDown()[pri:0, instance:RahulShettyAcademy.Tests.StandAloneTest@1033576a]" started-at="2024-07-16T07:24:42 EEST" name="tearDown" finished-at="2024-07-16T07:24:42 EEST" duration-ms="161" status="PASS">
          <reporter-output>
          </reporter-output>
        </test-method> <!-- tearDown -->
      </class> <!-- RahulShettyAcademy.Tests.StandAloneTest -->
    </test> <!-- Sumit Order -->
  </suite> <!-- Suite -->
</testng-results>
