<?xml version="1.0" encoding="UTF-8"?>
<testng-results ignored="0" total="2" passed="2" failed="0" skipped="0">
  <reporter-output>
  </reporter-output>
  <suite started-at="2024-07-16T07:05:43 EEST" name="Suite" finished-at="2024-07-16T07:06:09 EEST" duration-ms="26275">
    <groups>
      <group name="purchase">
        <method signature="StandAloneTest.FirstTest(java.util.HashMap)[pri:0, instance:RahulShettyAcademy.Tests.StandAloneTest@5890e879]" name="FirstTest" class="RahulShettyAcademy.Tests.StandAloneTest"/>
      </group> <!-- purchase -->
    </groups>
    <test started-at="2024-07-16T07:05:43 EEST" name="error validation test" finished-at="2024-07-16T07:05:43 EEST" duration-ms="13">
    </test> <!-- error validation test -->
    <test started-at="2024-07-16T07:05:43 EEST" name="Sumit Order" finished-at="2024-07-16T07:06:09 EEST" duration-ms="26275">
      <class name="RahulShettyAcademy.Tests.StandAloneTest">
        <test-method is-config="true" signature="launchApplication()[pri:0, instance:RahulShettyAcademy.Tests.StandAloneTest@5890e879]" started-at="2024-07-16T07:05:43 EEST" name="launchApplication" finished-at="2024-07-16T07:05:52 EEST" duration-ms="9591" status="PASS">
          <reporter-output>
          </reporter-output>
        </test-method> <!-- launchApplication -->
        <test-method signature="FirstTest(java.util.HashMap)[pri:0, instance:RahulShettyAcademy.Tests.StandAloneTest@5890e879]" started-at="2024-07-16T07:05:52 EEST" name="FirstTest" data-provider="getData" finished-at="2024-07-16T07:05:58 EEST" duration-ms="5591" status="PASS">
          <params>
            <param index="0">
              <value>
                <![CDATA[{productname=ADIDAS ORIGINAL, password=Liverpool@239, email=marwan23@gmail.com}]]>
              </value>
            </param>
          </params>
          <reporter-output>
          </reporter-output>
        </test-method> <!-- FirstTest -->
        <test-method is-config="true" signature="tearDown()[pri:0, instance:RahulShettyAcademy.Tests.StandAloneTest@5890e879]" started-at="2024-07-16T07:05:58 EEST" name="tearDown" finished-at="2024-07-16T07:05:58 EEST" duration-ms="304" status="PASS">
          <reporter-output>
          </reporter-output>
        </test-method> <!-- tearDown -->
        <test-method is-config="true" signature="launchApplication()[pri:0, instance:RahulShettyAcademy.Tests.StandAloneTest@5890e879]" started-at="2024-07-16T07:05:58 EEST" name="launchApplication" finished-at="2024-07-16T07:06:04 EEST" duration-ms="5491" status="PASS">
          <reporter-output>
          </reporter-output>
        </test-method> <!-- launchApplication -->
        <test-method signature="FirstTest(java.util.HashMap)[pri:0, instance:RahulShettyAcademy.Tests.StandAloneTest@5890e879]" started-at="2024-07-16T07:06:04 EEST" name="FirstTest" data-provider="getData" finished-at="2024-07-16T07:06:09 EEST" duration-ms="4808" status="PASS">
          <params>
            <param index="0">
              <value>
                <![CDATA[{productname=IPHONE 13 PRO, password=Marwan@239, email=marwan9@gmail.com}]]>
              </value>
            </param>
          </params>
          <reporter-output>
          </reporter-output>
        </test-method> <!-- FirstTest -->
        <test-method is-config="true" signature="tearDown()[pri:0, instance:RahulShettyAcademy.Tests.StandAloneTest@5890e879]" started-at="2024-07-16T07:06:09 EEST" name="tearDown" finished-at="2024-07-16T07:06:09 EEST" duration-ms="179" status="PASS">
          <reporter-output>
          </reporter-output>
        </test-method> <!-- tearDown -->
      </class> <!-- RahulShettyAcademy.Tests.StandAloneTest -->
    </test> <!-- Sumit Order -->
  </suite> <!-- Suite -->
</testng-results>
